app/build/outputs/logs/manifest-merger-release-report.txt
-- Merging decision tree log ---
manifest
ADDED from src\main\AndroidManifest.xml:2:1-53:12
	package
		ADDED from src\main\AndroidManifest.xml:3:5-39
		INJECTED from src\main\AndroidManifest.xml
		INJECTED from src\main\AndroidManifest.xml
	android:versionName
		ADDED from src\main\AndroidManifest.xml:5:5-30
		INJECTED from src\main\AndroidManifest.xml
		INJECTED from src\main\AndroidManifest.xml
	android:versionCode
		ADDED from src\main\AndroidManifest.xml:4:5-28
		INJECTED from src\main\AndroidManifest.xml
		INJECTED from src\main\AndroidManifest.xml
	xmlns:android
		ADDED from src\main\AndroidManifest.xml:2:11-69
uses-permission#android.permission.BLUETOOTH
ADDED from src\main\AndroidManifest.xml:8:5-68
	android:name
		ADDED from src\main\AndroidManifest.xml:8:22-65
uses-permission#android.permission.BLUETOOTH_ADMIN
ADDED from src\main\AndroidManifest.xml:9:2-71
	android:name
		ADDED from src\main\AndroidManifest.xml:9:19-68
uses-permission#android.permission.INTERNET
ADDED from src\main\AndroidManifest.xml:10:5-66
	android:name
		ADDED from src\main\AndroidManifest.xml:10:22-64
uses-sdk
ADDED from src\main\AndroidManifest.xml:12:5-14:40
MERGED from [com.android.support:multidex:1.0.1] AndroidManifest.xml:18:5-42
	android:targetSdkVersion
		ADDED from src\main\AndroidManifest.xml:14:9-38
		INJECTED from src\main\AndroidManifest.xml
		INJECTED from src\main\AndroidManifest.xml
	android:minSdkVersion
		ADDED from src\main\AndroidManifest.xml:13:9-35
		INJECTED from src\main\AndroidManifest.xml
		INJECTED from src\main\AndroidManifest.xml
application
ADDED from src\main\AndroidManifest.xml:18:5-51:19
	android:label
		ADDED from src\main\AndroidManifest.xml:21:9-36
	android:allowBackup
		ADDED from src\main\AndroidManifest.xml:19:9-35
	android:icon
		ADDED from src\main\AndroidManifest.xml:20:9-40
	android:theme
		ADDED from src\main\AndroidManifest.xml:22:9-40
activity#kr.re.DDil.CarePillow.Splash
ADDED from src\main\AndroidManifest.xml:24:9-33:20
	android:screenOrientation
		ADDED from src\main\AndroidManifest.xml:27:13-49
	android:theme
		ADDED from src\main\AndroidManifest.xml:26:13-60
	android:name
		ADDED from src\main\AndroidManifest.xml:25:13-56
intent-filter#android.intent.action.MAIN+android.intent.category.LAUNCHER
ADDED from src\main\AndroidManifest.xml:29:13-32:25
action#android.intent.action.MAIN
ADDED from src\main\AndroidManifest.xml:30:17-68
	android:name
		ADDED from src\main\AndroidManifest.xml:30:25-66
category#android.intent.category.LAUNCHER
ADDED from src\main\AndroidManifest.xml:31:17-76
	android:name
		ADDED from src\main\AndroidManifest.xml:31:27-74
activity#kr.re.DDil.CarePillow.MainActivity
ADDED from src\main\AndroidManifest.xml:35:9-40:20
	android:label
		ADDED from src\main\AndroidManifest.xml:37:13-40
	android:windowSoftInputMode
		ADDED from src\main\AndroidManifest.xml:39:13-60
	android:configChanges
		ADDED from src\main\AndroidManifest.xml:38:13-68
	android:name
		ADDED from src\main\AndroidManifest.xml:36:13-62
activity#kr.re.DDil.CarePillow.UserSetting
ADDED from src\main\AndroidManifest.xml:42:9-79
	android:name
		ADDED from src\main\AndroidManifest.xml:42:19-67
activity#kr.re.DDil.CarePillow.LuxGraph
ADDED from src\main\AndroidManifest.xml:43:9-76
	android:name
		ADDED from src\main\AndroidManifest.xml:43:19-64
activity#kr.re.DDil.CarePillow.PillowAirSetting
ADDED from src\main\AndroidManifest.xml:44:9-84
	android:name
		ADDED from src\main\AndroidManifest.xml:44:19-72
activity#kr.re.DDil.Bluetooth.BluetoothSerialClient$BluetoothUpActivity
ADDED from src\main\AndroidManifest.xml:46:9-49:20
	android:configChanges
		ADDED from src\main\AndroidManifest.xml:48:13-68
	android:theme
		ADDED from src\main\AndroidManifest.xml:47:13-72
	android:name
		ADDED from src\main\AndroidManifest.xml:46:19-96